<?xml version="1.0" encoding="UTF-8"?>
<!-- Generated by org.testng.reporters.JUnitReportReporter -->
<testsuite hostname="DESKTOP-P11DB2I" failures="0" tests="1" name="AutomationAnywhereTest" time="15.894" errors="0" timestamp="2023-10-08T16:00:50 IST" skipped="0">
  <testcase classname="AutomationAnywhereTest" name="autoTest" time="15.894"/>
  <system-out/>
</testsuite> <!-- AutomationAnywhereTest -->
