<?xml version="1.0" encoding="UTF-8"?>
<!-- Generated by org.testng.reporters.JUnitReportReporter -->
<testsuite hostname="DESKTOP-P11DB2I" failures="0" tests="1" name="com.techademy.project.AppTest" time="0.004" errors="0" timestamp="2023-10-08T16:00:50 IST" skipped="0">
  <testcase classname="com.techademy.project.AppTest" name="shouldAnswerWithTrue" time="0.004"/>
  <system-out/>
</testsuite> <!-- com.techademy.project.AppTest -->
